# JRE version: Java(TM) SE Runtime Environment (8.0_31-b13) (build 1.8.0_31-b13)
# Java VM: Java HotSpot(TM) Client VM (25.31-b07 mixed mode windows-x86 )
Heap:
 def new generation   total 314560K, used 314560K [0x0d000000, 0x22550000, 0x22550000)
  eden space 279616K, 100% used [0x0d000000, 0x1e110000, 0x1e110000)
  from space 34944K, 100% used [0x20330000, 0x22550000, 0x22550000)
  to   space 34944K, 100% used [0x1e110000, 0x20330000, 0x20330000)
 tenured generation   total 699072K, used 155113K [0x22550000, 0x4d000000, 0x4d000000)
   the space 699072K,  22% used [0x22550000, 0x2bcca6f8, 0x2bcca800, 0x4d000000)
 Metaspace       used 3475K, capacity 3591K, committed 3648K, reserved 4480K
GC Heap History (3 events):
Event: 2.634 GC heap before
{Heap before GC invocations=0 (full 0):
 def new generation   total 314560K, used 279616K [0x0d000000, 0x22550000, 0x22550000)
  eden space 279616K, 100% used [0x0d000000, 0x1e110000, 0x1e110000)
  from space 34944K,   0% used [0x1e110000, 0x1e110000, 0x20330000)
  to   space 34944K,   0% used [0x20330000, 0x20330000, 0x22550000)
 tenured generation   total 699072K, used 0K [0x22550000, 0x4d000000, 0x4d000000)
   the space 699072K,   0% used [0x22550000, 0x22550000, 0x22550200, 0x4d000000)
 Metaspace       used 3475K, capacity 3591K, committed 3648K, reserved 4480K
Event: 3.174 GC heap after
Heap after GC invocations=1 (full 0):
 def new generation   total 314560K, used 34944K [0x0d000000, 0x22550000, 0x22550000)
  eden space 279616K,   0% used [0x0d000000, 0x0d000000, 0x1e110000)
  from space 34944K, 100% used [0x20330000, 0x22550000, 0x22550000)
  to   space 34944K,   0% used [0x1e110000, 0x1e110000, 0x20330000)
 tenured generation   total 699072K, used 103838K [0x22550000, 0x4d000000, 0x4d000000)
   the space 699072K,  14% used [0x22550000, 0x28ab7b38, 0x28ab7c00, 0x4d000000)
 Metaspace       used 3475K, capacity 3591K, committed 3648K, reserved 4480K
}
Event: 4.579 GC heap before
{Heap before GC invocations=1 (full 0):
 def new generation   total 314560K, used 314560K [0x0d000000, 0x22550000, 0x22550000)
  eden space 279616K, 100% used [0x0d000000, 0x1e110000, 0x1e110000)
  from space 34944K, 100% used [0x20330000, 0x22550000, 0x22550000)
  to   space 34944K,   0% used [0x1e110000, 0x1e110000, 0x20330000)
 tenured generation   total 699072K, used 103838K [0x22550000, 0x4d000000, 0x4d000000)
   the space 699072K,  14% used [0x22550000, 0x28ab7b38, 0x28ab7c00, 0x4d000000)
 Metaspace       used 3475K, capacity 3591K, committed 3648K, reserved 4480K

